<?xml version="1.0" encoding="UTF-8"?>
<Site BuildName="Linux-gcc-12"
	BuildStamp="20231010-0042-Experimental"
	Name="DESKTOPfdsfsdf"
	Generator="ctest-3.22.1"
	CompilerName=""
	CompilerVersion=""
	OSName="Linux"
	Hostname="DESKTOPfdsfsdf"
	OSRelease="5.15.0-84-generic"
	OSVersion="#93-Ubuntu SMP Tue Sep 5 17:16:10 UTC 2023"
	OSPlatform="x86_64"
	Is64Bits="1"
	VendorString="GenuineIntel"
	VendorID="Intel Corporation"
	FamilyID="6"
	ModelID="165"
	ProcessorCacheSize="12288"
	NumberOfLogicalCPU="12"
	NumberOfPhysicalCPU="6"
	TotalVirtualMemory="24999"
	TotalPhysicalMemory="23961"
	LogicalProcessorsPerPhysical="2"
	ProcessorClockFrequency="4100"
	>
	<Testing>
		<StartDateTime>Oct 10 15:03 NZDT</StartDateTime>
		<StartTestTime>1696903431</StartTestTime>
		<TestList/>
		<EndDateTime>Oct 10 15:03 NZDT</EndDateTime>
		<EndTestTime>1696903431</EndTestTime>
		<ElapsedMinutes>0</ElapsedMinutes>
	</Testing>
</Site>
