<?xml version="1.0" encoding="UTF-8"?>
<Site BuildName="Linux-g++-10"
	BuildStamp="20231012-0710-Experimental"
	Name="DESKTOPfdsfsdf"
	Generator="ctest-3.22.1"
	CompilerName="/usr/bin/g++-10"
	CompilerVersion="10.5.0"
	OSName="Linux"
	Hostname="DESKTOPfdsfsdf"
	OSRelease="5.15.0-84-generic"
	OSVersion="#93-Ubuntu SMP Tue Sep 5 17:16:10 UTC 2023"
	OSPlatform="x86_64"
	Is64Bits="1"
	VendorString="GenuineIntel"
	VendorID="Intel Corporation"
	FamilyID="6"
	ModelID="165"
	ProcessorCacheSize="12288"
	NumberOfLogicalCPU="12"
	NumberOfPhysicalCPU="6"
	TotalVirtualMemory="24999"
	TotalPhysicalMemory="23961"
	LogicalProcessorsPerPhysical="2"
	ProcessorClockFrequency="4100"
	>
	<Testing>
		<StartDateTime>Oct 12 20:10 NZDT</StartDateTime>
		<StartTestTime>1697094652</StartTestTime>
		<TestList/>
		<EndDateTime>Oct 12 20:10 NZDT</EndDateTime>
		<EndTestTime>1697094652</EndTestTime>
		<ElapsedMinutes>0</ElapsedMinutes>
	</Testing>
</Site>
