Start testing: Oct 15 12:37 NZDT
----------------------------------------------------------
1/1 Testing: neuron
1/1 Test: neuron
Command: "/home/leo/dev/neural-net/cpp/build/tests/neuron_test"
Directory: /home/leo/dev/neural-net/cpp/build/tests
"neuron" start time: Oct 15 12:37 NZDT
Output:
----------------------------------------------------------
[==========] Running 1 test from 1 test suite.
[----------] Global test environment set-up.
[----------] 1 test from NeuronTest
[ RUN      ] NeuronTest.FeedForward
[       OK ] NeuronTest.FeedForward (0 ms)
[----------] 1 test from NeuronTest (0 ms total)

[----------] Global test environment tear-down
[==========] 1 test from 1 test suite ran. (0 ms total)
[  PASSED  ] 1 test.
<end of output>
Test time =   0.00 sec
----------------------------------------------------------
Test Passed.
"neuron" end time: Oct 15 12:37 NZDT
"neuron" time elapsed: 00:00:00
----------------------------------------------------------

End testing: Oct 15 12:37 NZDT
